Determining if the pthread_create exist failed with the following output:
Change Dir: /home/nikki/CLionProjects/MobilityModelCLI/cmake-build-debug/CMakeFiles/CMakeTmp

Run Build Command(s):/usr/bin/make cmTC_706b9/fast 
make[1]: 进入目录“/home/nikki/CLionProjects/MobilityModelCLI/cmake-build-debug/CMakeFiles/CMakeTmp”
/usr/bin/make -f CMakeFiles/cmTC_706b9.dir/build.make CMakeFiles/cmTC_706b9.dir/build
make[2]: 进入目录“/home/nikki/CLionProjects/MobilityModelCLI/cmake-build-debug/CMakeFiles/CMakeTmp”
Building C object CMakeFiles/cmTC_706b9.dir/CheckSymbolExists.c.o
/usr/bin/cc    -o CMakeFiles/cmTC_706b9.dir/CheckSymbolExists.c.o   -c /home/nikki/CLionProjects/MobilityModelCLI/cmake-build-debug/CMakeFiles/CMakeTmp/CheckSymbolExists.c
Linking C executable cmTC_706b9
/usr/bin/cmake -E cmake_link_script CMakeFiles/cmTC_706b9.dir/link.txt --verbose=1
/usr/bin/cc      CMakeFiles/cmTC_706b9.dir/CheckSymbolExists.c.o  -o cmTC_706b9 
/usr/bin/ld: CMakeFiles/cmTC_706b9.dir/CheckSymbolExists.c.o: in function `main':
CheckSymbolExists.c:(.text+0x1b): undefined reference to `pthread_create'
collect2: 错误：ld 返回 1
make[2]: *** [CMakeFiles/cmTC_706b9.dir/build.make:87：cmTC_706b9] 错误 1
make[2]: 离开目录“/home/nikki/CLionProjects/MobilityModelCLI/cmake-build-debug/CMakeFiles/CMakeTmp”
make[1]: *** [Makefile:121：cmTC_706b9/fast] 错误 2
make[1]: 离开目录“/home/nikki/CLionProjects/MobilityModelCLI/cmake-build-debug/CMakeFiles/CMakeTmp”

File /home/nikki/CLionProjects/MobilityModelCLI/cmake-build-debug/CMakeFiles/CMakeTmp/CheckSymbolExists.c:
/* */
#include <pthread.h>

int main(int argc, char** argv)
{
  (void)argv;
#ifndef pthread_create
  return ((int*)(&pthread_create))[argc];
#else
  (void)argc;
  return 0;
#endif
}

Determining if the function pthread_create exists in the pthreads failed with the following output:
Change Dir: /home/nikki/CLionProjects/MobilityModelCLI/cmake-build-debug/CMakeFiles/CMakeTmp

Run Build Command(s):/usr/bin/make cmTC_32e83/fast 
make[1]: 进入目录“/home/nikki/CLionProjects/MobilityModelCLI/cmake-build-debug/CMakeFiles/CMakeTmp”
/usr/bin/make -f CMakeFiles/cmTC_32e83.dir/build.make CMakeFiles/cmTC_32e83.dir/build
make[2]: 进入目录“/home/nikki/CLionProjects/MobilityModelCLI/cmake-build-debug/CMakeFiles/CMakeTmp”
Building C object CMakeFiles/cmTC_32e83.dir/CheckFunctionExists.c.o
/usr/bin/cc   -DCHECK_FUNCTION_EXISTS=pthread_create   -o CMakeFiles/cmTC_32e83.dir/CheckFunctionExists.c.o   -c /usr/share/cmake-3.14/Modules/CheckFunctionExists.c
Linking C executable cmTC_32e83
/usr/bin/cmake -E cmake_link_script CMakeFiles/cmTC_32e83.dir/link.txt --verbose=1
/usr/bin/cc  -DCHECK_FUNCTION_EXISTS=pthread_create    CMakeFiles/cmTC_32e83.dir/CheckFunctionExists.c.o  -o cmTC_32e83 -lpthreads 
/usr/bin/ld: 找不到 -lpthreads
collect2: 错误：ld 返回 1
make[2]: *** [CMakeFiles/cmTC_32e83.dir/build.make:87：cmTC_32e83] 错误 1
make[2]: 离开目录“/home/nikki/CLionProjects/MobilityModelCLI/cmake-build-debug/CMakeFiles/CMakeTmp”
make[1]: *** [Makefile:121：cmTC_32e83/fast] 错误 2
make[1]: 离开目录“/home/nikki/CLionProjects/MobilityModelCLI/cmake-build-debug/CMakeFiles/CMakeTmp”


